[2019-05-24 05:56:30,597]  INFO -  'admin@carbon.super [-1234]' logged in at [2019-05-24 05:56:30,596+0000] 
[2019-05-24 05:56:30,610]  INFO -  'admin@carbon.super [-1234]' logged in at [2019-05-24 05:56:30,594+0000] 
[2019-05-24 05:56:35,599]  INFO -  'admin@carbon.super [-1234]' logged in at [2019-05-24 05:56:35,599+0000] 
[2019-05-24 05:56:35,635]  INFO -  'admin@carbon.super [-1234]' logged in at [2019-05-24 05:56:35,614+0000] 
[2019-05-24 05:56:35,689]  INFO -  'admin@carbon.super [-1234]' logged in at [2019-05-24 05:56:35,677+0000] 
[2019-05-24 05:56:35,698]  INFO -  'admin@carbon.super [-1234]' logged in at [2019-05-24 05:56:35,698+0000] 
[2019-05-24 05:56:52,055]  INFO -  Initiator=admin@carbon.super Action=Get-Roles-of-User Target=admin Data={"Filter":"*","Roles":["Internal/subscriber","Internal/creator","Internal/publisher","Internal/everyone","admin"]} Outcome=Success 
[2019-05-24 06:04:15,336]  INFO -  'admin@carbon.super [-1234]' logged in at [2019-05-24 06:04:15,334+0000] 
[2019-05-24 06:04:15,981]  INFO -  'admin@carbon.super [-1234]' logged in at [2019-05-24 06:04:15,980+0000] 
[2019-05-24 06:39:00,123]  INFO -  Initiator=wso2.system.user Action=Get-Roles-of-User Target=admin Data={"Filter":"*","Roles":["Internal/subscriber","Internal/creator","Internal/publisher","Internal/everyone","admin"]} Outcome=Success 
[2019-05-24 06:57:14,727]  INFO -  'admin@carbon.super [-1234]' logged in at [2019-05-24 06:57:14,725+0000] 
[2019-05-24 06:57:16,047]  INFO -  Initiator=admin@carbon.super Action=Get-Roles-of-User Target=admin Data={"Filter":"*","Roles":["Internal/subscriber","Internal/creator","Internal/publisher","Internal/everyone","admin"]} Outcome=Success 
[2019-05-24 06:57:16,159]  INFO -  'admin@carbon.super [-1234]' logged in at [2019-05-24 06:57:16,147+0000] 
[2019-05-24 06:58:43,361]  INFO -  'admin@carbon.super [-1234]' logged in at [2019-05-24 06:58:43,359+0000] 
[2019-05-24 07:02:57,901]  INFO -  'admin@carbon.super [-1234]' logged in at [2019-05-24 07:02:57,897+0000] 
[2019-05-24 07:03:07,623]  INFO -  Initiator=admin@carbon.super Action=Get-User-List Target=null Data={"Users":["admin"]} Outcome=Success 
[2019-05-24 07:03:44,840]  WARN -  Initiator=wso2.system.user Action=Authentication Target=kumar Data=null Outcome=Failure Error={"Error Message":"Un-expected error while authenticating","Error Code":"31001"} 
[2019-05-24 07:03:44,841]  WARN -  Failed Administrator login attempt 'kumar[-1234]' at [2019-05-24 07:03:44,841+0000] 
[2019-05-24 07:03:54,626]  INFO -  'admin@carbon.super [-1234]' logged in at [2019-05-24 07:03:54,620+0000] 
[2019-05-24 11:59:41,139]  INFO -  Initiator=wso2.system.user Action=Get-Roles-of-User Target=admin Data={"Filter":"*","Roles":["Internal/subscriber","Internal/creator","Internal/publisher","Internal/everyone","admin"]} Outcome=Success 
[2019-05-24 12:00:41,058]  INFO -  'kumar@carbon.super [-1234]' login denied due to insufficient privileges 
[2019-05-24 12:01:39,920]  INFO -  'kumar@carbon.super [-1234]' login denied due to insufficient privileges 
[2019-05-24 12:05:40,496]  INFO -  'vinoth@carbon.super [-1234]' login denied due to insufficient privileges 
[2019-05-24 12:06:47,049]  INFO -  {"performedBy":"admin","action":"created","typ":"API","info":"{\"provider\":\"admin\",\"name\":\"Customer_Management_API\",\"context\":\"\\\/customer\\\/v1.0.0\",\"version\":\"v1.0.0\"}"} 
[2019-05-24 12:06:48,105]  INFO -  'admin@carbon.super [-1234]' logged in at [2019-05-24 12:06:48,104+0000] 
[2019-05-24 12:06:49,211]  INFO -  {"performedBy":"admin","action":"updated","typ":"API","info":"{\"provider\":\"admin\",\"name\":\"Customer_Management_API\",\"context\":\"\\\/customer\\\/v1.0.0\",\"version\":\"v1.0.0\"}"} 
[2019-05-24 12:06:49,310]  INFO -  'admin@carbon.super [-1234]' logged in at [2019-05-24 12:06:49,308+0000] 
[2019-05-24 12:07:45,506]  INFO -  'admin@carbon.super [-1234]' logged in at [2019-05-24 12:07:45,494+0000] 
[2019-05-24 12:07:46,103]  INFO -  {"performedBy":"admin","action":"updated","typ":"API","info":"{\"provider\":\"admin\",\"name\":\"Customer_Management_API\",\"context\":\"\\\/customer\\\/v1.0.0\",\"version\":\"v1.0.0\"}"} 
[2019-05-24 12:07:46,222]  INFO -  'admin@carbon.super [-1234]' logged in at [2019-05-24 12:07:46,221+0000] 
[2019-05-24 12:08:09,263]  INFO -  'admin@carbon.super [-1234]' logged in at [2019-05-24 12:08:09,260+0000] 
[2019-05-24 12:08:09,735]  INFO -  {"performedBy":"admin","action":"updated","typ":"API","info":"{\"provider\":\"admin\",\"name\":\"Customer_Management_API\",\"context\":\"\\\/customer\\\/v1.0.0\",\"version\":\"v1.0.0\"}"} 
[2019-05-24 12:08:09,813]  INFO -  'admin@carbon.super [-1234]' logged in at [2019-05-24 12:08:09,811+0000] 
[2019-05-24 12:08:10,185]  INFO -  'admin@carbon.super [-1234]' logged in at [2019-05-24 12:08:10,183+0000] 
[2019-05-24 12:08:12,634]  INFO -  'admin@carbon.super [-1234]' logged in at [2019-05-24 12:08:12,633+0000] 
[2019-05-24 12:09:16,048]  INFO -  {"performedBy":"admin","action":"created","typ":"Subscription","info":"{\"application_name\":\"DefaultApplication\",\"tier\":\"Unlimited\",\"provider\":\"admin\",\"api_name\":\"Customer_Management_API\",\"application_id\":1}"} 
[2019-05-24 12:20:13,244]  INFO -  Initiator=admin@carbon.super Action=Get-Roles-of-User Target=admin Data={"Filter":"*","Roles":["Internal/subscriber","Internal/creator","Internal/publisher","Internal/everyone","admin"]} Outcome=Success 
[2019-05-24 12:21:01,727]  INFO -  {"performedBy":"admin","action":"updated","typ":"Application","info":"{\"Re-Generated Keys for application with client Id\":\"qsZuPlTfU6djoAMQgyegBoP04RMa\"}"} 
[2019-05-24 12:23:05,234]  INFO -  {"performedBy":"admin","action":"updated","typ":"Application","info":"{\"Re-Generated Keys for application with client Id\":\"qsZuPlTfU6djoAMQgyegBoP04RMa\"}"} 
[2019-05-24 12:31:05,237]  INFO -  Initiator=wso2.system.user Action=Get-Roles-of-User Target=admin Data={"Filter":"*","Roles":["Internal/subscriber","Internal/creator","Internal/publisher","Internal/everyone","admin"]} Outcome=Success 
[2019-05-24 12:32:47,752]  INFO -  {"performedBy":"admin","action":"created","typ":"Application","info":"{\"tier\":\"Unlimited\",\"name\":\"test\",\"callbackURL\":null}"} 
[2019-05-24 12:34:55,074]  INFO -  {"performedBy":"admin","action":"updated","typ":"Application","info":"{\"Re-Generated Keys for application with client Id\":\"XKrjGOP7HGBZvwGv3j85PvZuxRka\"}"} 
